<?xml version="1.0" encoding="UTF-8"?>
<testng-results ignored="0" total="1" passed="1" failed="0" skipped="0">
  <reporter-output>
  </reporter-output>
  <suite started-at="2018-12-29T15:53:50Z" name="Default suite" finished-at="2018-12-29T15:53:58Z" duration-ms="8179">
    <groups>
    </groups>
    <test started-at="2018-12-29T15:53:50Z" name="Default test" finished-at="2018-12-29T15:53:58Z" duration-ms="8179">
      <class name="com.mavenTestNG.BaseClass">
        <test-method signature="setUp()[pri:0, instance:com.mavenTestNG.BaseClass@52af26ee]" started-at="2018-12-29T15:53:50Z" name="setUp" finished-at="2018-12-29T15:53:58Z" duration-ms="8161" status="PASS">
          <reporter-output>
          </reporter-output>
        </test-method> <!-- setUp -->
      </class> <!-- com.mavenTestNG.BaseClass -->
    </test> <!-- Default test -->
  </suite> <!-- Default suite -->
</testng-results>
